<?xml version="1.0" encoding="UTF-8"?>
<testng-results ignored="0" total="3" passed="3" failed="0" skipped="0">
  <reporter-output>
  </reporter-output>
  <suite started-at="2026-05-18T00:58:54 IST" name="Dream Portal Suite" finished-at="2026-05-18T00:59:05 IST" duration-ms="11446">
    <groups>
    </groups>
    <test started-at="2026-05-18T00:58:54 IST" name="UI Tests" finished-at="2026-05-18T00:59:05 IST" duration-ms="11446">
      <class name="tests.HomePageTest">
        <test-method is-config="true" signature="setup()[pri:0, instance:tests.HomePageTest@54d9d12d]" started-at="2026-05-18T00:58:54 IST" name="setup" finished-at="2026-05-18T00:58:55 IST" duration-ms="1492" status="PASS">
          <reporter-output>
          </reporter-output>
        </test-method> <!-- setup -->
        <test-method signature="verifyHomePage()[pri:0, instance:tests.HomePageTest@54d9d12d]" started-at="2026-05-18T00:58:55 IST" name="verifyHomePage" finished-at="2026-05-18T00:59:00 IST" duration-ms="5179" status="PASS">
          <reporter-output>
          </reporter-output>
        </test-method> <!-- verifyHomePage -->
        <test-method is-config="true" signature="tearDown()[pri:0, instance:tests.HomePageTest@54d9d12d]" started-at="2026-05-18T00:59:00 IST" name="tearDown" finished-at="2026-05-18T00:59:01 IST" duration-ms="299" status="PASS">
          <reporter-output>
          </reporter-output>
        </test-method> <!-- tearDown -->
      </class> <!-- tests.HomePageTest -->
      <class name="tests.DreamSummaryTest">
        <test-method is-config="true" signature="setup()[pri:0, instance:tests.DreamSummaryTest@22ff4249]" started-at="2026-05-18T00:59:03 IST" name="setup" finished-at="2026-05-18T00:59:04 IST" duration-ms="970" status="PASS">
          <reporter-output>
          </reporter-output>
        </test-method> <!-- setup -->
        <test-method signature="verifySummary()[pri:0, instance:tests.DreamSummaryTest@22ff4249]" started-at="2026-05-18T00:59:04 IST" name="verifySummary" finished-at="2026-05-18T00:59:05 IST" duration-ms="843" status="PASS">
          <reporter-output>
          </reporter-output>
        </test-method> <!-- verifySummary -->
        <test-method is-config="true" signature="tearDown()[pri:0, instance:tests.DreamSummaryTest@22ff4249]" started-at="2026-05-18T00:59:05 IST" name="tearDown" finished-at="2026-05-18T00:59:05 IST" duration-ms="216" status="PASS">
          <reporter-output>
          </reporter-output>
        </test-method> <!-- tearDown -->
      </class> <!-- tests.DreamSummaryTest -->
      <class name="tests.DreamDiaryTest">
        <test-method is-config="true" signature="setup()[pri:0, instance:tests.DreamDiaryTest@6025e1b6]" started-at="2026-05-18T00:59:01 IST" name="setup" finished-at="2026-05-18T00:59:01 IST" duration-ms="958" status="PASS">
          <reporter-output>
          </reporter-output>
        </test-method> <!-- setup -->
        <test-method signature="verifyDiary()[pri:0, instance:tests.DreamDiaryTest@6025e1b6]" started-at="2026-05-18T00:59:02 IST" name="verifyDiary" finished-at="2026-05-18T00:59:03 IST" duration-ms="1132" status="PASS">
          <reporter-output>
          </reporter-output>
        </test-method> <!-- verifyDiary -->
        <test-method is-config="true" signature="tearDown()[pri:0, instance:tests.DreamDiaryTest@6025e1b6]" started-at="2026-05-18T00:59:03 IST" name="tearDown" finished-at="2026-05-18T00:59:03 IST" duration-ms="277" status="PASS">
          <reporter-output>
          </reporter-output>
        </test-method> <!-- tearDown -->
      </class> <!-- tests.DreamDiaryTest -->
    </test> <!-- UI Tests -->
  </suite> <!-- Dream Portal Suite -->
</testng-results>
