<?xml version="1.0" encoding="UTF-8"?>
<!-- Generated by org.testng.reporters.JUnitXMLReporter -->
<testsuite ignored="0" hostname="Zebronics" failures="0" tests="3" name="Dream Portal Tests" time="8.316" errors="0" timestamp="2026-05-17T23:10:30 IST">
  <testcase classname="tests.HomePageTest" name="verifyHome" time="3.879"/>
  <testcase classname="tests.DreamDiaryTest" name="verifyDiary" time="0.521"/>
  <testcase classname="tests.DreamSummaryTest" name="verifySummary" time="0.376"/>
</testsuite> <!-- Dream Portal Tests -->
