<?xml version="1.0" encoding="UTF-8"?>
<!-- Generated by org.testng.reporters.JUnitXMLReporter -->
<testsuite ignored="0" hostname="Zebronics" failures="0" tests="3" name="UI Tests" time="11.446" errors="0" timestamp="2026-05-18T00:59:05 IST">
  <testcase classname="tests.HomePageTest" name="verifyHomePage" time="5.179"/>
  <testcase classname="tests.DreamDiaryTest" name="verifyDiary" time="1.132"/>
  <testcase classname="tests.DreamSummaryTest" name="verifySummary" time="0.843"/>
</testsuite> <!-- UI Tests -->
