<?xml version="1.0" encoding="UTF-8"?>
<!-- Generated by org.testng.reporters.JUnitXMLReporter -->
<testsuite ignored="0" hostname="Zebronics" failures="0" tests="3" name="UI Tests" time="12.357" errors="0" timestamp="2026-06-03T09:31:19 IST">
  <testcase classname="tests.HomePageTest" name="verifyHomePage" time="5.555"/>
  <testcase classname="tests.DreamDiaryTest" name="verifyDiary" time="1.436"/>
  <testcase classname="tests.DreamSummaryTest" name="verifySummary" time="0.997"/>
</testsuite> <!-- UI Tests -->
